This is pdfTeX, Version 3.141592653-2.6-1.40.24 (TeX Live 2022) (preloaded format=pdflatex 2023.2.6)  6 FEB 2023 22:31
entering extended mode
 restricted \write18 enabled.
 %&-line parsing enabled.
**live.main.tex
(./live.main.tex
LaTeX2e <2022-11-01> patch level 1
L3 programming layer <2023-02-02>

! LaTeX Error: Missing \begin{document}.

See the LaTeX manual or LaTeX Companion for explanation.
Type  H <return>  for immediate help.
 ...                                              
                                                  
l.1 u
     ndefined
? 
! Emergency stop.
 ...                                              
                                                  
l.1 u
     ndefined
You're in trouble here.  Try typing  <return>  to proceed.
If that doesn't work, type  X <return>  to quit.

 
Here is how much of TeX's memory you used:
 17 strings out of 478024
 524 string characters out of 5840019
 1849346 words of memory out of 5000000
 20273 multiletter control sequences out of 15000+600000
 512287 words of font info for 32 fonts, out of 8000000 for 9000
 14 hyphenation exceptions out of 8191
 13i,0n,12p,55b,14s stack positions out of 10000i,1000n,20000p,200000b,200000s
!  ==> Fatal error occurred, no output PDF file produced!
